<?xml version="1.0" encoding="utf-8"?><testsuites name="pytest tests"><testsuite name="pytest" errors="0" failures="0" skipped="0" tests="11" time="4.608" timestamp="2026-06-18T12:25:18.469669+00:00" hostname="agent-env-afe78f4f-069a-479e-9a20-d2a88533a94d"><testcase classname="backend.tests.test_cookie_auth.TestCookieAuth" name="test_login_sets_httponly_cookies" time="0.420" /><testcase classname="backend.tests.test_cookie_auth.TestCookieAuth" name="test_profile_via_cookie_only" time="0.368" /><testcase classname="backend.tests.test_cookie_auth.TestCookieAuth" name="test_profile_via_bearer_only" time="0.452" /><testcase classname="backend.tests.test_cookie_auth.TestCookieAuth" name="test_refresh_via_cookie_empty_body" time="0.412" /><testcase classname="backend.tests.test_cookie_auth.TestCookieAuth" name="test_refresh_via_body_token" time="0.461" /><testcase classname="backend.tests.test_cookie_auth.TestCookieAuth" name="test_refresh_no_token_returns_401" time="0.094" /><testcase classname="backend.tests.test_cookie_auth.TestCookieAuth" name="test_logout_clears_cookies" time="0.438" /><testcase classname="backend.tests.test_cookie_auth.TestCookieAuth" name="test_protected_route_via_cookie" time="0.420" /><testcase classname="backend.tests.test_cookie_auth.TestCookieAuth" name="test_rbac_staff_via_cookie_blocked" time="0.403" /><testcase classname="backend.tests.test_cookie_auth.TestDashboardShape" name="test_dashboard_has_expected_shape" time="0.417" /><testcase classname="backend.tests.test_cookie_auth.TestSeedData" name="test_seed_counts" time="0.641" /></testsuite></testsuites>