<?xml version="1.0" encoding="utf-8"?><testsuites name="pytest tests"><testsuite name="pytest" errors="0" failures="0" skipped="0" tests="32" time="5.293" timestamp="2026-06-19T09:11:54.762994+00:00" hostname="agent-env-afe78f4f-069a-479e-9a20-d2a88533a94d"><testcase classname="backend.tests.test_customers_orders.TestHealthAndSeed" name="test_healthz" time="0.179" /><testcase classname="backend.tests.test_customers_orders.TestHealthAndSeed" name="test_seed_products_count" time="0.424" /><testcase classname="backend.tests.test_customers_orders.TestHealthAndSeed" name="test_seed_customers_count" time="0.103" /><testcase classname="backend.tests.test_customers_orders.TestHealthAndSeed" name="test_seed_orders_with_ord01005" time="0.114" /><testcase classname="backend.tests.test_customers_orders.TestCustomers" name="test_list_customers" time="0.100" /><testcase classname="backend.tests.test_customers_orders.TestCustomers" name="test_create_customer" time="0.110" /><testcase classname="backend.tests.test_customers_orders.TestCustomers" name="test_get_by_id" time="0.104" /><testcase classname="backend.tests.test_customers_orders.TestCustomers" name="test_duplicate_email_rejected" time="0.106" /><testcase classname="backend.tests.test_customers_orders.TestCustomers" name="test_invalid_email_422" time="0.095" /><testcase classname="backend.tests.test_customers_orders.TestCustomers" name="test_staff_cannot_delete_customer" time="0.451" /><testcase classname="backend.tests.test_customers_orders.TestOrders" name="test_setup" time="0.203" /><testcase classname="backend.tests.test_customers_orders.TestOrders" name="test_create_order_success" time="0.111" /><testcase classname="backend.tests.test_customers_orders.TestOrders" name="test_product_quantity_decremented" time="0.103" /><testcase classname="backend.tests.test_customers_orders.TestOrders" name="test_inventory_log_stock_out_written" time="0.101" /><testcase classname="backend.tests.test_customers_orders.TestOrders" name="test_get_order_by_id" time="0.099" /><testcase classname="backend.tests.test_customers_orders.TestOrders" name="test_list_orders_includes_new" time="0.100" /><testcase classname="backend.tests.test_customers_orders.TestOrders" name="test_empty_items_422" time="0.102" /><testcase classname="backend.tests.test_customers_orders.TestOrders" name="test_nonexistent_customer_404" time="0.101" /><testcase classname="backend.tests.test_customers_orders.TestOrders" name="test_nonexistent_product_404" time="0.104" /><testcase classname="backend.tests.test_customers_orders.TestOrders" name="test_insufficient_stock_400_and_no_qty_change" time="0.292" /><testcase classname="backend.tests.test_customers_orders.TestOrders" name="test_staff_can_create_order" time="0.214" /><testcase classname="backend.tests.test_customers_orders.TestOrders" name="test_cancel_order_restocks" time="0.529" /><testcase classname="backend.tests.test_customers_orders.TestOrders" name="test_double_cancel_400" time="0.096" /><testcase classname="backend.tests.test_customers_orders.TestDashboardNewFields" name="test_kpi_has_customer_and_order_counts" time="0.115" /><testcase classname="backend.tests.test_customers_orders.TestRBACStaff" name="test_staff_403_categories_post" time="0.096" /><testcase classname="backend.tests.test_customers_orders.TestRBACStaff" name="test_staff_403_suppliers_post" time="0.096" /><testcase classname="backend.tests.test_customers_orders.TestRBACStaff" name="test_staff_403_delete_product" time="0.202" /><testcase classname="backend.tests.test_customers_orders.TestRBACStaff" name="test_staff_403_delete_customer" time="0.205" /><testcase classname="backend.tests.test_customers_orders.TestRBACStaff" name="test_staff_403_audit_logs" time="0.100" /><testcase classname="backend.tests.test_customers_orders.TestRBACStaff" name="test_staff_can_stock_in" time="0.198" /><testcase classname="backend.tests.test_customers_orders.TestProductsConstraints" name="test_negative_quantity_rejected" time="0.091" /><testcase classname="backend.tests.test_customers_orders.TestCleanup" name="test_delete_customer_admin" time="0.145" /></testsuite></testsuites>