<?xml version="1.0" encoding="utf-8"?><testsuites name="pytest tests"><testsuite name="pytest" errors="0" failures="0" skipped="0" tests="44" time="7.203" timestamp="2026-06-18T12:25:27.263859+00:00" hostname="agent-env-afe78f4f-069a-479e-9a20-d2a88533a94d"><testcase classname="backend.tests.backend_test.TestAuth" name="test_login_admin" time="0.365" /><testcase classname="backend.tests.backend_test.TestAuth" name="test_login_manager" time="0.322" /><testcase classname="backend.tests.backend_test.TestAuth" name="test_login_staff" time="0.326" /><testcase classname="backend.tests.backend_test.TestAuth" name="test_login_invalid" time="0.155" /><testcase classname="backend.tests.backend_test.TestAuth" name="test_profile" time="0.456" /><testcase classname="backend.tests.backend_test.TestAuth" name="test_profile_no_token" time="0.092" /><testcase classname="backend.tests.backend_test.TestAuth" name="test_register_and_duplicate" time="0.431" /><testcase classname="backend.tests.backend_test.TestCategories" name="test_create_category_admin" time="0.100" /><testcase classname="backend.tests.backend_test.TestCategories" name="test_staff_cannot_create" time="0.418" /><testcase classname="backend.tests.backend_test.TestCategories" name="test_list_categories" time="0.098" /><testcase classname="backend.tests.backend_test.TestCategories" name="test_update_category" time="0.140" /><testcase classname="backend.tests.backend_test.TestCategories" name="test_delete_category" time="0.106" /><testcase classname="backend.tests.backend_test.TestSuppliers" name="test_create_supplier" time="0.090" /><testcase classname="backend.tests.backend_test.TestSuppliers" name="test_staff_cannot_create_supplier" time="0.147" /><testcase classname="backend.tests.backend_test.TestSuppliers" name="test_list_suppliers" time="0.098" /><testcase classname="backend.tests.backend_test.TestSuppliers" name="test_supplier_detail" time="0.099" /><testcase classname="backend.tests.backend_test.TestSuppliers" name="test_update_supplier" time="0.115" /><testcase classname="backend.tests.backend_test.TestProducts" name="test_setup_category" time="0.094" /><testcase classname="backend.tests.backend_test.TestProducts" name="test_create_product" time="0.097" /><testcase classname="backend.tests.backend_test.TestProducts" name="test_duplicate_sku" time="0.094" /><testcase classname="backend.tests.backend_test.TestProducts" name="test_staff_denied" time="0.091" /><testcase classname="backend.tests.backend_test.TestProducts" name="test_list_with_search_and_filter" time="0.300" /><testcase classname="backend.tests.backend_test.TestProducts" name="test_update_product" time="0.101" /><testcase classname="backend.tests.backend_test.TestProducts" name="test_export_excel" time="0.108" /><testcase classname="backend.tests.backend_test.TestProducts" name="test_export_pdf" time="0.118" /><testcase classname="backend.tests.backend_test.TestProducts" name="test_import_xlsx" time="0.108" /><testcase classname="backend.tests.backend_test.TestInventory" name="test_stock_in_staff_allowed" time="0.092" /><testcase classname="backend.tests.backend_test.TestInventory" name="test_stock_out" time="0.096" /><testcase classname="backend.tests.backend_test.TestInventory" name="test_stock_out_insufficient" time="0.102" /><testcase classname="backend.tests.backend_test.TestInventory" name="test_inventory_history" time="0.105" /><testcase classname="backend.tests.backend_test.TestReports" name="test_dashboard" time="0.136" /><testcase classname="backend.tests.backend_test.TestReports" name="test_low_stock" time="0.103" /><testcase classname="backend.tests.backend_test.TestReports" name="test_send_low_stock_alert" time="0.320" /><testcase classname="backend.tests.backend_test.TestReports" name="test_send_alert_staff_denied" time="0.094" /><testcase classname="backend.tests.backend_test.TestReports" name="test_monthly" time="0.096" /><testcase classname="backend.tests.backend_test.TestReports" name="test_transactions" time="0.107" /><testcase classname="backend.tests.backend_test.TestReports" name="test_export_excel[low_stock]" time="0.106" /><testcase classname="backend.tests.backend_test.TestReports" name="test_export_excel[transactions]" time="0.108" /><testcase classname="backend.tests.backend_test.TestReports" name="test_export_excel[audit]" time="0.106" /><testcase classname="backend.tests.backend_test.TestReports" name="test_export_excel[products]" time="0.116" /><testcase classname="backend.tests.backend_test.TestAudit" name="test_audit_admin" time="0.097" /><testcase classname="backend.tests.backend_test.TestAudit" name="test_audit_staff_denied" time="0.105" /><testcase classname="backend.tests.backend_test.TestCleanup" name="test_bulk_delete_and_supplier_delete" time="0.307" /><testcase classname="backend.tests.backend_test.TestCleanup" name="test_staff_bulk_delete_denied" time="0.094" /></testsuite></testsuites>